        -:    0:Source:/home/philipp/opt/GNAT/2021/lib/gcc/x86_64-pc-linux-gnu/10.3.1/adainclude/a-convec.adb
        -:    0:Graph:/mnt/c/wsl_share/1_FS_Master/Security_Engineering/Security-Engineering-SoSe21/assignment7/p1/bin/graphalg_test_tg.gcno
        -:    0:Data:-
        -:    0:Runs:0
        -:    1:------------------------------------------------------------------------------
        -:    2:--                                                                          --
        -:    3:--                         GNAT LIBRARY COMPONENTS                          --
        -:    4:--                                                                          --
        -:    5:--                A D A . C O N T A I N E R S . V E C T O R S               --
        -:    6:--                                                                          --
        -:    7:--                                 B o d y                                  --
        -:    8:--                                                                          --
        -:    9:--          Copyright (C) 2004-2021, Free Software Foundation, Inc.         --
        -:   10:--                                                                          --
        -:   11:-- GNAT is free software;  you can  redistribute it  and/or modify it under --
        -:   12:-- terms of the  GNU General Public License as published  by the Free Soft- --
        -:   13:-- ware  Foundation;  either version 3,  or (at your option) any later ver- --
        -:   14:-- sion.  GNAT is distributed in the hope that it will be useful, but WITH- --
        -:   15:-- OUT ANY WARRANTY;  without even the  implied warranty of MERCHANTABILITY --
        -:   16:-- or FITNESS FOR A PARTICULAR PURPOSE.                                     --
        -:   17:--                                                                          --
        -:   18:--                                                                          --
        -:   19:--                                                                          --
        -:   20:--                                                                          --
        -:   21:--                                                                          --
        -:   22:-- You should have received a copy of the GNU General Public License and    --
        -:   23:-- a copy of the GCC Runtime Library Exception along with this program;     --
        -:   24:-- see the files COPYING3 and COPYING.RUNTIME respectively.  If not, see    --
        -:   25:-- <http://www.gnu.org/licenses/>.                                          --
        -:   26:--                                                                          --
        -:   27:-- This unit was originally developed by Matthew J Heaney.                  --
        -:   28:------------------------------------------------------------------------------
        -:   29:
        -:   30:with Ada.Containers.Generic_Array_Sort;
        -:   31:with Ada.Unchecked_Deallocation;
        -:   32:
        -:   33:with System; use type System.Address;
        -:   34:with System.Put_Images;
        -:   35:
        -:   36:package body Ada.Containers.Vectors with
        -:   37:  SPARK_Mode => Off
        -:   38:is
        -:   39:
        -:   40:   pragma Warnings (Off, "variable ""Busy*"" is not referenced");
        -:   41:   pragma Warnings (Off, "variable ""Lock*"" is not referenced");
        -:   42:   --  See comment in Ada.Containers.Helpers
        -:   43:
        -:   44:   procedure Free is
        -:   45:     new Ada.Unchecked_Deallocation (Elements_Type, Elements_Access);
        -:   46:
        -:   47:   procedure Append_Slow_Path
        -:   48:     (Container : in out Vector;
        -:   49:      New_Item  : Element_Type;
        -:   50:      Count     : Count_Type);
        -:   51:   --  This is the slow path for Append. This is split out to minimize the size
        -:   52:   --  of Append, because we have Inline (Append).
        -:   53:
        -:   54:   ---------
        -:   55:   -- "&" --
        -:   56:   ---------
        -:   57:
        -:   58:   --  We decide that the capacity of the result of "&" is the minimum needed
        -:   59:   --  -- the sum of the lengths of the vector parameters. We could decide to
        -:   60:   --  make it larger, but we have no basis for knowing how much larger, so we
        -:   61:   --  just allocate the minimum amount of storage.
        -:   62:
    #####:   63:   function "&" (Left, Right : Vector) return Vector is
        -:   64:   begin
    #####:   65:      return Result : Vector do
    #####:   66:         Reserve_Capacity (Result, Length (Left) + Length (Right));
    #####:   67:         Append_Vector (Result, Left);
    #####:   68:         Append_Vector (Result, Right);
        -:   69:      end return;
        -:   70:   end "&";
------------------
graphalg_test_tg__B_8__test_graph__vertex_vectors__Oconcat.212:
    #####:   63:   function "&" (Left, Right : Vector) return Vector is
        -:   64:   begin
    #####:   65:      return Result : Vector do
    #####:   66:         Reserve_Capacity (Result, Length (Left) + Length (Right));
    #####:   67:         Append_Vector (Result, Left);
    #####:   68:         Append_Vector (Result, Right);
        -:   69:      end return;
        -:   70:   end "&";
------------------
graphalg_test_tg__B_8__test_graph__edge_vectors__Oconcat.341:
    #####:   63:   function "&" (Left, Right : Vector) return Vector is
        -:   64:   begin
    #####:   65:      return Result : Vector do
    #####:   66:         Reserve_Capacity (Result, Length (Left) + Length (Right));
    #####:   67:         Append_Vector (Result, Left);
    #####:   68:         Append_Vector (Result, Right);
        -:   69:      end return;
        -:   70:   end "&";
------------------
graphalg_test_tg__B_4__test_graph__vertex_vectors__Oconcat.571:
    #####:   63:   function "&" (Left, Right : Vector) return Vector is
        -:   64:   begin
    #####:   65:      return Result : Vector do
    #####:   66:         Reserve_Capacity (Result, Length (Left) + Length (Right));
    #####:   67:         Append_Vector (Result, Left);
    #####:   68:         Append_Vector (Result, Right);
        -:   69:      end return;
        -:   70:   end "&";
------------------
graphalg_test_tg__B_4__test_graph__edge_vectors__Oconcat.700:
    #####:   63:   function "&" (Left, Right : Vector) return Vector is
        -:   64:   begin
    #####:   65:      return Result : Vector do
    #####:   66:         Reserve_Capacity (Result, Length (Left) + Length (Right));
    #####:   67:         Append_Vector (Result, Left);
    #####:   68:         Append_Vector (Result, Right);
        -:   69:      end return;
        -:   70:   end "&";
------------------
        -:   71:
    #####:   72:   function "&" (Left  : Vector; Right : Element_Type) return Vector is
        -:   73:   begin
    #####:   74:      return Result : Vector do
    #####:   75:         Reserve_Capacity (Result, Length (Left) + 1);
    #####:   76:         Append_Vector (Result, Left);
    #####:   77:         Append (Result, Right);
        -:   78:      end return;
        -:   79:   end "&";
------------------
graphalg_test_tg__B_8__test_graph__vertex_vectors__Oconcat__2.210:
    #####:   72:   function "&" (Left  : Vector; Right : Element_Type) return Vector is
        -:   73:   begin
    #####:   74:      return Result : Vector do
    #####:   75:         Reserve_Capacity (Result, Length (Left) + 1);
    #####:   76:         Append_Vector (Result, Left);
    #####:   77:         Append (Result, Right);
        -:   78:      end return;
        -:   79:   end "&";
------------------
graphalg_test_tg__B_8__test_graph__edge_vectors__Oconcat__2.339:
    #####:   72:   function "&" (Left  : Vector; Right : Element_Type) return Vector is
        -:   73:   begin
    #####:   74:      return Result : Vector do
    #####:   75:         Reserve_Capacity (Result, Length (Left) + 1);
    #####:   76:         Append_Vector (Result, Left);
    #####:   77:         Append (Result, Right);
        -:   78:      end return;
        -:   79:   end "&";
------------------
graphalg_test_tg__B_4__test_graph__vertex_vectors__Oconcat__2.569:
    #####:   72:   function "&" (Left  : Vector; Right : Element_Type) return Vector is
        -:   73:   begin
    #####:   74:      return Result : Vector do
    #####:   75:         Reserve_Capacity (Result, Length (Left) + 1);
    #####:   76:         Append_Vector (Result, Left);
    #####:   77:         Append (Result, Right);
        -:   78:      end return;
        -:   79:   end "&";
------------------
graphalg_test_tg__B_4__test_graph__edge_vectors__Oconcat__2.698:
    #####:   72:   function "&" (Left  : Vector; Right : Element_Type) return Vector is
        -:   73:   begin
    #####:   74:      return Result : Vector do
    #####:   75:         Reserve_Capacity (Result, Length (Left) + 1);
    #####:   76:         Append_Vector (Result, Left);
    #####:   77:         Append (Result, Right);
        -:   78:      end return;
        -:   79:   end "&";
------------------
        -:   80:
    #####:   81:   function "&" (Left  : Element_Type; Right : Vector) return Vector is
        -:   82:   begin
    #####:   83:      return Result : Vector do
    #####:   84:         Reserve_Capacity (Result, 1 + Length (Right));
    #####:   85:         Append (Result, Left);
    #####:   86:         Append_Vector (Result, Right);
        -:   87:      end return;
        -:   88:   end "&";
------------------
graphalg_test_tg__B_8__test_graph__vertex_vectors__Oconcat__3.208:
    #####:   81:   function "&" (Left  : Element_Type; Right : Vector) return Vector is
        -:   82:   begin
    #####:   83:      return Result : Vector do
    #####:   84:         Reserve_Capacity (Result, 1 + Length (Right));
    #####:   85:         Append (Result, Left);
    #####:   86:         Append_Vector (Result, Right);
        -:   87:      end return;
        -:   88:   end "&";
------------------
graphalg_test_tg__B_8__test_graph__edge_vectors__Oconcat__3.337:
    #####:   81:   function "&" (Left  : Element_Type; Right : Vector) return Vector is
        -:   82:   begin
    #####:   83:      return Result : Vector do
    #####:   84:         Reserve_Capacity (Result, 1 + Length (Right));
    #####:   85:         Append (Result, Left);
    #####:   86:         Append_Vector (Result, Right);
        -:   87:      end return;
        -:   88:   end "&";
------------------
graphalg_test_tg__B_4__test_graph__vertex_vectors__Oconcat__3.567:
    #####:   81:   function "&" (Left  : Element_Type; Right : Vector) return Vector is
        -:   82:   begin
    #####:   83:      return Result : Vector do
    #####:   84:         Reserve_Capacity (Result, 1 + Length (Right));
    #####:   85:         Append (Result, Left);
    #####:   86:         Append_Vector (Result, Right);
        -:   87:      end return;
        -:   88:   end "&";
------------------
graphalg_test_tg__B_4__test_graph__edge_vectors__Oconcat__3.696:
    #####:   81:   function "&" (Left  : Element_Type; Right : Vector) return Vector is
        -:   82:   begin
    #####:   83:      return Result : Vector do
    #####:   84:         Reserve_Capacity (Result, 1 + Length (Right));
    #####:   85:         Append (Result, Left);
    #####:   86:         Append_Vector (Result, Right);
        -:   87:      end return;
        -:   88:   end "&";
------------------
        -:   89:
    #####:   90:   function "&" (Left, Right : Element_Type) return Vector is
        -:   91:   begin
    #####:   92:      return Result : Vector do
    #####:   93:         Reserve_Capacity (Result, 1 + 1);
    #####:   94:         Append (Result, Left);
    #####:   95:         Append (Result, Right);
        -:   96:      end return;
        -:   97:   end "&";
------------------
graphalg_test_tg__B_8__test_graph__vertex_vectors__Oconcat__4.206:
    #####:   90:   function "&" (Left, Right : Element_Type) return Vector is
        -:   91:   begin
    #####:   92:      return Result : Vector do
    #####:   93:         Reserve_Capacity (Result, 1 + 1);
    #####:   94:         Append (Result, Left);
    #####:   95:         Append (Result, Right);
        -:   96:      end return;
        -:   97:   end "&";
------------------
graphalg_test_tg__B_8__test_graph__edge_vectors__Oconcat__4.335:
    #####:   90:   function "&" (Left, Right : Element_Type) return Vector is
        -:   91:   begin
    #####:   92:      return Result : Vector do
    #####:   93:         Reserve_Capacity (Result, 1 + 1);
    #####:   94:         Append (Result, Left);
    #####:   95:         Append (Result, Right);
        -:   96:      end return;
        -:   97:   end "&";
------------------
graphalg_test_tg__B_4__test_graph__vertex_vectors__Oconcat__4.565:
    #####:   90:   function "&" (Left, Right : Element_Type) return Vector is
        -:   91:   begin
    #####:   92:      return Result : Vector do
    #####:   93:         Reserve_Capacity (Result, 1 + 1);
    #####:   94:         Append (Result, Left);
    #####:   95:         Append (Result, Right);
        -:   96:      end return;
        -:   97:   end "&";
------------------
graphalg_test_tg__B_4__test_graph__edge_vectors__Oconcat__4.694:
    #####:   90:   function "&" (Left, Right : Element_Type) return Vector is
        -:   91:   begin
    #####:   92:      return Result : Vector do
    #####:   93:         Reserve_Capacity (Result, 1 + 1);
    #####:   94:         Append (Result, Left);
    #####:   95:         Append (Result, Right);
        -:   96:      end return;
        -:   97:   end "&";
------------------
        -:   98:
        -:   99:   ---------
        -:  100:   -- "=" --
        -:  101:   ---------
        -:  102:
    #####:  103:   overriding function "=" (Left, Right : Vector) return Boolean is
        -:  104:   begin
    #####:  105:      if Left.Last /= Right.Last then
    #####:  106:         return False;
        -:  107:      end if;
        -:  108:
    #####:  109:      if Left.Length = 0 then
    #####:  110:         return True;
        -:  111:      end if;
        -:  112:
    #####:  113:      declare
        -:  114:         --  Per AI05-0022, the container implementation is required to detect
        -:  115:         --  element tampering by a generic actual subprogram.
        -:  116:
    #####:  117:         Lock_Left : With_Lock (Left.TC'Unrestricted_Access);
    #####:  118:         Lock_Right : With_Lock (Right.TC'Unrestricted_Access);
        -:  119:      begin
    #####:  120:         for J in Index_Type range Index_Type'First .. Left.Last loop
    #####:  121:            if Left.Elements.EA (J) /= Right.Elements.EA (J) then
    #####:  122:               return False;
        -:  123:            end if;
    #####:  124:         end loop;
    #####:  125:      end;
        -:  126:
    #####:  127:      return True;
        -:  128:   end "=";
------------------
graphalg_test_tg__B_8__test_graph__vertex_vectors__Oeq__2.204:
    #####:  103:   overriding function "=" (Left, Right : Vector) return Boolean is
        -:  104:   begin
    #####:  105:      if Left.Last /= Right.Last then
    #####:  106:         return False;
        -:  107:      end if;
        -:  108:
    #####:  109:      if Left.Length = 0 then
    #####:  110:         return True;
        -:  111:      end if;
        -:  112:
    #####:  113:      declare
        -:  114:         --  Per AI05-0022, the container implementation is required to detect
        -:  115:         --  element tampering by a generic actual subprogram.
        -:  116:
    #####:  117:         Lock_Left : With_Lock (Left.TC'Unrestricted_Access);
    #####:  118:         Lock_Right : With_Lock (Right.TC'Unrestricted_Access);
        -:  119:      begin
    #####:  120:         for J in Index_Type range Index_Type'First .. Left.Last loop
    #####:  121:            if Left.Elements.EA (J) /= Right.Elements.EA (J) then
    #####:  122:               return False;
        -:  123:            end if;
    #####:  124:         end loop;
    #####:  125:      end;
        -:  126:
    #####:  127:      return True;
        -:  128:   end "=";
------------------
graphalg_test_tg__B_8__test_graph__edge_vectors__Oeq__2.333:
    #####:  103:   overriding function "=" (Left, Right : Vector) return Boolean is
        -:  104:   begin
    #####:  105:      if Left.Last /= Right.Last then
    #####:  106:         return False;
        -:  107:      end if;
        -:  108:
    #####:  109:      if Left.Length = 0 then
    #####:  110:         return True;
        -:  111:      end if;
        -:  112:
    #####:  113:      declare
        -:  114:         --  Per AI05-0022, the container implementation is required to detect
        -:  115:         --  element tampering by a generic actual subprogram.
        -:  116:
    #####:  117:         Lock_Left : With_Lock (Left.TC'Unrestricted_Access);
    #####:  118:         Lock_Right : With_Lock (Right.TC'Unrestricted_Access);
        -:  119:      begin
    #####:  120:         for J in Index_Type range Index_Type'First .. Left.Last loop
    #####:  121:            if Left.Elements.EA (J) /= Right.Elements.EA (J) then
    #####:  122:               return False;
        -:  123:            end if;
    #####:  124:         end loop;
    #####:  125:      end;
        -:  126:
    #####:  127:      return True;
        -:  128:   end "=";
------------------
graphalg_test_tg__B_4__test_graph__vertex_vectors__Oeq__2.563:
    #####:  103:   overriding function "=" (Left, Right : Vector) return Boolean is
        -:  104:   begin
    #####:  105:      if Left.Last /= Right.Last then
    #####:  106:         return False;
        -:  107:      end if;
        -:  108:
    #####:  109:      if Left.Length = 0 then
    #####:  110:         return True;
        -:  111:      end if;
        -:  112:
    #####:  113:      declare
        -:  114:         --  Per AI05-0022, the container implementation is required to detect
        -:  115:         --  element tampering by a generic actual subprogram.
        -:  116:
    #####:  117:         Lock_Left : With_Lock (Left.TC'Unrestricted_Access);
    #####:  118:         Lock_Right : With_Lock (Right.TC'Unrestricted_Access);
        -:  119:      begin
    #####:  120:         for J in Index_Type range Index_Type'First .. Left.Last loop
    #####:  121:            if Left.Elements.EA (J) /= Right.Elements.EA (J) then
    #####:  122:               return False;
        -:  123:            end if;
    #####:  124:         end loop;
    #####:  125:      end;
        -:  126:
    #####:  127:      return True;
        -:  128:   end "=";
------------------
graphalg_test_tg__B_4__test_graph__edge_vectors__Oeq__2.692:
    #####:  103:   overriding function "=" (Left, Right : Vector) return Boolean is
        -:  104:   begin
    #####:  105:      if Left.Last /= Right.Last then
    #####:  106:         return False;
        -:  107:      end if;
        -:  108:
    #####:  109:      if Left.Length = 0 then
    #####:  110:         return True;
        -:  111:      end if;
        -:  112:
    #####:  113:      declare
        -:  114:         --  Per AI05-0022, the container implementation is required to detect
        -:  115:         --  element tampering by a generic actual subprogram.
        -:  116:
    #####:  117:         Lock_Left : With_Lock (Left.TC'Unrestricted_Access);
    #####:  118:         Lock_Right : With_Lock (Right.TC'Unrestricted_Access);
        -:  119:      begin
    #####:  120:         for J in Index_Type range Index_Type'First .. Left.Last loop
    #####:  121:            if Left.Elements.EA (J) /= Right.Elements.EA (J) then
    #####:  122:               return False;
        -:  123:            end if;
    #####:  124:         end loop;
    #####:  125:      end;
        -:  126:
    #####:  127:      return True;
        -:  128:   end "=";
------------------
        -:  129:
        -:  130:   ------------
        -:  131:   -- Adjust --
        -:  132:   ------------
        -:  133:
    #####:  134:   procedure Adjust (Container : in out Vector) is
        -:  135:   begin
        -:  136:      --  If the counts are nonzero, execution is technically erroneous, but
        -:  137:      --  it seems friendly to allow things like concurrent "=" on shared
        -:  138:      --  constants.
        -:  139:
    #####:  140:      Zero_Counts (Container.TC);
        -:  141:
    #####:  142:      if Container.Last = No_Index then
    #####:  143:         Container.Elements := null;
    #####:  144:         return;
        -:  145:      end if;
        -:  146:
        -:  147:      declare
    #####:  148:         L  : constant Index_Type := Container.Last;
    #####:  149:         EA : Elements_Array renames
    #####:  150:                Container.Elements.EA (Index_Type'First .. L);
        -:  151:
        -:  152:      begin
    #####:  153:         Container.Elements := null;
        -:  154:
        -:  155:         --  Note: it may seem that the following assignment to Container.Last
        -:  156:         --  is useless, since we assign it to L below. However this code is
        -:  157:         --  used in case 'new Elements_Type' below raises an exception, to
        -:  158:         --  keep Container in a consistent state.
        -:  159:
    #####:  160:         Container.Last := No_Index;
    #####:  161:         Container.Elements := new Elements_Type'(L, EA);
    #####:  162:         Container.Last := L;
        -:  163:      end;
        -:  164:   end Adjust;
------------------
graphalg_test_tg__B_8__test_graph__vertex_vectors__adjust__2.202:
    #####:  134:   procedure Adjust (Container : in out Vector) is
        -:  135:   begin
        -:  136:      --  If the counts are nonzero, execution is technically erroneous, but
        -:  137:      --  it seems friendly to allow things like concurrent "=" on shared
        -:  138:      --  constants.
        -:  139:
    #####:  140:      Zero_Counts (Container.TC);
        -:  141:
    #####:  142:      if Container.Last = No_Index then
    #####:  143:         Container.Elements := null;
    #####:  144:         return;
        -:  145:      end if;
        -:  146:
        -:  147:      declare
    #####:  148:         L  : constant Index_Type := Container.Last;
    #####:  149:         EA : Elements_Array renames
    #####:  150:                Container.Elements.EA (Index_Type'First .. L);
        -:  151:
        -:  152:      begin
    #####:  153:         Container.Elements := null;
        -:  154:
        -:  155:         --  Note: it may seem that the following assignment to Container.Last
        -:  156:         --  is useless, since we assign it to L below. However this code is
        -:  157:         --  used in case 'new Elements_Type' below raises an exception, to
        -:  158:         --  keep Container in a consistent state.
        -:  159:
    #####:  160:         Container.Last := No_Index;
    #####:  161:         Container.Elements := new Elements_Type'(L, EA);
    #####:  162:         Container.Last := L;
        -:  163:      end;
        -:  164:   end Adjust;
------------------
graphalg_test_tg__B_8__test_graph__edge_vectors__adjust__2.331:
    #####:  134:   procedure Adjust (Container : in out Vector) is
        -:  135:   begin
        -:  136:      --  If the counts are nonzero, execution is technically erroneous, but
        -:  137:      --  it seems friendly to allow things like concurrent "=" on shared
        -:  138:      --  constants.
        -:  139:
    #####:  140:      Zero_Counts (Container.TC);
        -:  141:
    #####:  142:      if Container.Last = No_Index then
    #####:  143:         Container.Elements := null;
    #####:  144:         return;
        -:  145:      end if;
        -:  146:
        -:  147:      declare
    #####:  148:         L  : constant Index_Type := Container.Last;
    #####:  149:         EA : Elements_Array renames
    #####:  150:                Container.Elements.EA (Index_Type'First .. L);
        -:  151:
        -:  152:      begin
    #####:  153:         Container.Elements := null;
        -:  154:
        -:  155:         --  Note: it may seem that the following assignment to Container.Last
        -:  156:         --  is useless, since we assign it to L below. However this code is
        -:  157:         --  used in case 'new Elements_Type' below raises an exception, to
        -:  158:         --  keep Container in a consistent state.
        -:  159:
    #####:  160:         Container.Last := No_Index;
    #####:  161:         Container.Elements := new Elements_Type'(L, EA);
    #####:  162:         Container.Last := L;
        -:  163:      end;
        -:  164:   end Adjust;
------------------
graphalg_test_tg__B_4__test_graph__vertex_vectors__adjust__2.561:
    #####:  134:   procedure Adjust (Container : in out Vector) is
        -:  135:   begin
        -:  136:      --  If the counts are nonzero, execution is technically erroneous, but
        -:  137:      --  it seems friendly to allow things like concurrent "=" on shared
        -:  138:      --  constants.
        -:  139:
    #####:  140:      Zero_Counts (Container.TC);
        -:  141:
    #####:  142:      if Container.Last = No_Index then
    #####:  143:         Container.Elements := null;
    #####:  144:         return;
        -:  145:      end if;
        -:  146:
        -:  147:      declare
    #####:  148:         L  : constant Index_Type := Container.Last;
    #####:  149:         EA : Elements_Array renames
    #####:  150:                Container.Elements.EA (Index_Type'First .. L);
        -:  151:
        -:  152:      begin
    #####:  153:         Container.Elements := null;
        -:  154:
        -:  155:         --  Note: it may seem that the following assignment to Container.Last
        -:  156:         --  is useless, since we assign it to L below. However this code is
        -:  157:         --  used in case 'new Elements_Type' below raises an exception, to
        -:  158:         --  keep Container in a consistent state.
        -:  159:
    #####:  160:         Container.Last := No_Index;
    #####:  161:         Container.Elements := new Elements_Type'(L, EA);
    #####:  162:         Container.Last := L;
        -:  163:      end;
        -:  164:   end Adjust;
------------------
graphalg_test_tg__B_4__test_graph__edge_vectors__adjust__2.690:
    #####:  134:   procedure Adjust (Container : in out Vector) is
        -:  135:   begin
        -:  136:      --  If the counts are nonzero, execution is technically erroneous, but
        -:  137:      --  it seems friendly to allow things like concurrent "=" on shared
        -:  138:      --  constants.
        -:  139:
    #####:  140:      Zero_Counts (Container.TC);
        -:  141:
    #####:  142:      if Container.Last = No_Index then
    #####:  143:         Container.Elements := null;
    #####:  144:         return;
        -:  145:      end if;
        -:  146:
        -:  147:      declare
    #####:  148:         L  : constant Index_Type := Container.Last;
    #####:  149:         EA : Elements_Array renames
    #####:  150:                Container.Elements.EA (Index_Type'First .. L);
        -:  151:
        -:  152:      begin
    #####:  153:         Container.Elements := null;
        -:  154:
        -:  155:         --  Note: it may seem that the following assignment to Container.Last
        -:  156:         --  is useless, since we assign it to L below. However this code is
        -:  157:         --  used in case 'new Elements_Type' below raises an exception, to
        -:  158:         --  keep Container in a consistent state.
        -:  159:
    #####:  160:         Container.Last := No_Index;
    #####:  161:         Container.Elements := new Elements_Type'(L, EA);
    #####:  162:         Container.Last := L;
        -:  163:      end;
        -:  164:   end Adjust;
------------------
        -:  165:
        -:  166:   ------------
        -:  167:   -- Append --
        -:  168:   ------------
        -:  169:
    #####:  170:   procedure Append
        -:  171:     (Container : in out Vector;
        -:  172:      New_Item  : Element_Type;
        -:  173:      Count     : Count_Type)
        -:  174:   is
        -:  175:   begin
        -:  176:      --  In the general case, we pass the buck to Insert, but for efficiency,
        -:  177:      --  we check for the usual case where Count = 1 and the vector has enough
        -:  178:      --  room for at least one more element.
        -:  179:
    #####:  180:      if Count = 1
    #####:  181:        and then Container.Elements /= null
    #####:  182:        and then Container.Last /= Container.Elements.Last
        -:  183:      then
    #####:  184:         TC_Check (Container.TC);
        -:  185:
        -:  186:         --  Increment Container.Last after assigning the New_Item, so we
        -:  187:         --  leave the Container unmodified in case Finalize/Adjust raises
        -:  188:         --  an exception.
        -:  189:
    #####:  190:         declare
    #####:  191:            New_Last : constant Index_Type := Container.Last + 1;
        -:  192:         begin
    #####:  193:            Container.Elements.EA (New_Last) := New_Item;
    #####:  194:            Container.Last := New_Last;
        -:  195:         end;
        -:  196:
        -:  197:      else
    #####:  198:         Append_Slow_Path (Container, New_Item, Count);
        -:  199:      end if;
    #####:  200:   end Append;
------------------
graphalg_test_tg__B_8__test_graph__vertex_vectors__append__2.200:
    #####:  170:   procedure Append
        -:  171:     (Container : in out Vector;
        -:  172:      New_Item  : Element_Type;
        -:  173:      Count     : Count_Type)
        -:  174:   is
        -:  175:   begin
        -:  176:      --  In the general case, we pass the buck to Insert, but for efficiency,
        -:  177:      --  we check for the usual case where Count = 1 and the vector has enough
        -:  178:      --  room for at least one more element.
        -:  179:
    #####:  180:      if Count = 1
    #####:  181:        and then Container.Elements /= null
    #####:  182:        and then Container.Last /= Container.Elements.Last
        -:  183:      then
    #####:  184:         TC_Check (Container.TC);
        -:  185:
        -:  186:         --  Increment Container.Last after assigning the New_Item, so we
        -:  187:         --  leave the Container unmodified in case Finalize/Adjust raises
        -:  188:         --  an exception.
        -:  189:
    #####:  190:         declare
    #####:  191:            New_Last : constant Index_Type := Container.Last + 1;
        -:  192:         begin
    #####:  193:            Container.Elements.EA (New_Last) := New_Item;
    #####:  194:            Container.Last := New_Last;
        -:  195:         end;
        -:  196:
        -:  197:      else
    #####:  198:         Append_Slow_Path (Container, New_Item, Count);
        -:  199:      end if;
    #####:  200:   end Append;
------------------
graphalg_test_tg__B_8__test_graph__edge_vectors__append__2.329:
    #####:  170:   procedure Append
        -:  171:     (Container : in out Vector;
        -:  172:      New_Item  : Element_Type;
        -:  173:      Count     : Count_Type)
        -:  174:   is
        -:  175:   begin
        -:  176:      --  In the general case, we pass the buck to Insert, but for efficiency,
        -:  177:      --  we check for the usual case where Count = 1 and the vector has enough
        -:  178:      --  room for at least one more element.
        -:  179:
    #####:  180:      if Count = 1
    #####:  181:        and then Container.Elements /= null
    #####:  182:        and then Container.Last /= Container.Elements.Last
        -:  183:      then
    #####:  184:         TC_Check (Container.TC);
        -:  185:
        -:  186:         --  Increment Container.Last after assigning the New_Item, so we
        -:  187:         --  leave the Container unmodified in case Finalize/Adjust raises
        -:  188:         --  an exception.
        -:  189:
    #####:  190:         declare
    #####:  191:            New_Last : constant Index_Type := Container.Last + 1;
        -:  192:         begin
    #####:  193:            Container.Elements.EA (New_Last) := New_Item;
    #####:  194:            Container.Last := New_Last;
        -:  195:         end;
        -:  196:
        -:  197:      else
    #####:  198:         Append_Slow_Path (Container, New_Item, Count);
        -:  199:      end if;
    #####:  200:   end Append;
------------------
graphalg_test_tg__B_4__test_graph__vertex_vectors__append__2.559:
    #####:  170:   procedure Append
        -:  171:     (Container : in out Vector;
        -:  172:      New_Item  : Element_Type;
        -:  173:      Count     : Count_Type)
        -:  174:   is
        -:  175:   begin
        -:  176:      --  In the general case, we pass the buck to Insert, but for efficiency,
        -:  177:      --  we check for the usual case where Count = 1 and the vector has enough
        -:  178:      --  room for at least one more element.
        -:  179:
    #####:  180:      if Count = 1
    #####:  181:        and then Container.Elements /= null
    #####:  182:        and then Container.Last /= Container.Elements.Last
        -:  183:      then
    #####:  184:         TC_Check (Container.TC);
        -:  185:
        -:  186:         --  Increment Container.Last after assigning the New_Item, so we
        -:  187:         --  leave the Container unmodified in case Finalize/Adjust raises
        -:  188:         --  an exception.
        -:  189:
    #####:  190:         declare
    #####:  191:            New_Last : constant Index_Type := Container.Last + 1;
        -:  192:         begin
    #####:  193:            Container.Elements.EA (New_Last) := New_Item;
    #####:  194:            Container.Last := New_Last;
        -:  195:         end;
        -:  196:
        -:  197:      else
    #####:  198:         Append_Slow_Path (Container, New_Item, Count);
        -:  199:      end if;
    #####:  200:   end Append;
------------------
graphalg_test_tg__B_4__test_graph__edge_vectors__append__2.688:
    #####:  170:   procedure Append
        -:  171:     (Container : in out Vector;
        -:  172:      New_Item  : Element_Type;
        -:  173:      Count     : Count_Type)
        -:  174:   is
        -:  175:   begin
        -:  176:      --  In the general case, we pass the buck to Insert, but for efficiency,
        -:  177:      --  we check for the usual case where Count = 1 and the vector has enough
        -:  178:      --  room for at least one more element.
        -:  179:
    #####:  180:      if Count = 1
    #####:  181:        and then Container.Elements /= null
    #####:  182:        and then Container.Last /= Container.Elements.Last
        -:  183:      then
    #####:  184:         TC_Check (Container.TC);
        -:  185:
        -:  186:         --  Increment Container.Last after assigning the New_Item, so we
        -:  187:         --  leave the Container unmodified in case Finalize/Adjust raises
        -:  188:         --  an exception.
        -:  189:
    #####:  190:         declare
    #####:  191:            New_Last : constant Index_Type := Container.Last + 1;
        -:  192:         begin
    #####:  193:            Container.Elements.EA (New_Last) := New_Item;
    #####:  194:            Container.Last := New_Last;
        -:  195:         end;
        -:  196:
        -:  197:      else
    #####:  198:         Append_Slow_Path (Container, New_Item, Count);
        -:  199:      end if;
    #####:  200:   end Append;
------------------
        -:  201:
        -:  202:   -------------------
        -:  203:   -- Append_Vector --
        -:  204:   -------------------
        -:  205:
    #####:  206:   procedure Append_Vector (Container : in out Vector; New_Item : Vector) is
        -:  207:   begin
    #####:  208:      if Is_Empty (New_Item) then
    #####:  209:         return;
    #####:  210:      elsif Checks and then Container.Last = Index_Type'Last then
    #####:  211:         raise Constraint_Error with "vector is already at its maximum length";
        -:  212:      else
    #####:  213:         Insert_Vector (Container, Container.Last + 1, New_Item);
        -:  214:      end if;
        -:  215:   end Append_Vector;
------------------
graphalg_test_tg__B_8__test_graph__vertex_vectors__append_vector.199:
    #####:  206:   procedure Append_Vector (Container : in out Vector; New_Item : Vector) is
        -:  207:   begin
    #####:  208:      if Is_Empty (New_Item) then
    #####:  209:         return;
    #####:  210:      elsif Checks and then Container.Last = Index_Type'Last then
    #####:  211:         raise Constraint_Error with "vector is already at its maximum length";
        -:  212:      else
    #####:  213:         Insert_Vector (Container, Container.Last + 1, New_Item);
        -:  214:      end if;
        -:  215:   end Append_Vector;
------------------
graphalg_test_tg__B_8__test_graph__edge_vectors__append_vector.328:
    #####:  206:   procedure Append_Vector (Container : in out Vector; New_Item : Vector) is
        -:  207:   begin
    #####:  208:      if Is_Empty (New_Item) then
    #####:  209:         return;
    #####:  210:      elsif Checks and then Container.Last = Index_Type'Last then
    #####:  211:         raise Constraint_Error with "vector is already at its maximum length";
        -:  212:      else
    #####:  213:         Insert_Vector (Container, Container.Last + 1, New_Item);
        -:  214:      end if;
        -:  215:   end Append_Vector;
------------------
graphalg_test_tg__B_4__test_graph__vertex_vectors__append_vector.558:
    #####:  206:   procedure Append_Vector (Container : in out Vector; New_Item : Vector) is
        -:  207:   begin
    #####:  208:      if Is_Empty (New_Item) then
    #####:  209:         return;
    #####:  210:      elsif Checks and then Container.Last = Index_Type'Last then
    #####:  211:         raise Constraint_Error with "vector is already at its maximum length";
        -:  212:      else
    #####:  213:         Insert_Vector (Container, Container.Last + 1, New_Item);
        -:  214:      end if;
        -:  215:   end Append_Vector;
------------------
graphalg_test_tg__B_4__test_graph__edge_vectors__append_vector.687:
    #####:  206:   procedure Append_Vector (Container : in out Vector; New_Item : Vector) is
        -:  207:   begin
    #####:  208:      if Is_Empty (New_Item) then
    #####:  209:         return;
    #####:  210:      elsif Checks and then Container.Last = Index_Type'Last then
    #####:  211:         raise Constraint_Error with "vector is already at its maximum length";
        -:  212:      else
    #####:  213:         Insert_Vector (Container, Container.Last + 1, New_Item);
        -:  214:      end if;
        -:  215:   end Append_Vector;
------------------
        -:  216:
        -:  217:   ------------
        -:  218:   -- Append --
        -:  219:   ------------
        -:  220:
    #####:  221:   procedure Append (Container : in out Vector;
        -:  222:                     New_Item  :        Element_Type)
        -:  223:   is
        -:  224:   begin
    #####:  225:      Insert (Container, Last_Index (Container) + 1, New_Item, 1);
    #####:  226:   end Append;
------------------
graphalg_test_tg__B_8__test_graph__vertex_vectors__append__3.198:
    #####:  221:   procedure Append (Container : in out Vector;
        -:  222:                     New_Item  :        Element_Type)
        -:  223:   is
        -:  224:   begin
    #####:  225:      Insert (Container, Last_Index (Container) + 1, New_Item, 1);
    #####:  226:   end Append;
------------------
graphalg_test_tg__B_8__test_graph__edge_vectors__append__3.327:
    #####:  221:   procedure Append (Container : in out Vector;
        -:  222:                     New_Item  :        Element_Type)
        -:  223:   is
        -:  224:   begin
    #####:  225:      Insert (Container, Last_Index (Container) + 1, New_Item, 1);
    #####:  226:   end Append;
------------------
graphalg_test_tg__B_4__test_graph__vertex_vectors__append__3.557:
    #####:  221:   procedure Append (Container : in out Vector;
        -:  222:                     New_Item  :        Element_Type)
        -:  223:   is
        -:  224:   begin
    #####:  225:      Insert (Container, Last_Index (Container) + 1, New_Item, 1);
    #####:  226:   end Append;
------------------
graphalg_test_tg__B_4__test_graph__edge_vectors__append__3.686:
    #####:  221:   procedure Append (Container : in out Vector;
        -:  222:                     New_Item  :        Element_Type)
        -:  223:   is
        -:  224:   begin
    #####:  225:      Insert (Container, Last_Index (Container) + 1, New_Item, 1);
    #####:  226:   end Append;
------------------
        -:  227:
        -:  228:   ----------------------
        -:  229:   -- Append_Slow_Path --
        -:  230:   ----------------------
        -:  231:
    #####:  232:   procedure Append_Slow_Path
        -:  233:     (Container : in out Vector;
        -:  234:      New_Item  : Element_Type;
        -:  235:      Count     : Count_Type)
        -:  236:   is
        -:  237:   begin
    #####:  238:      if Count = 0 then
    #####:  239:         return;
    #####:  240:      elsif Checks and then Container.Last = Index_Type'Last then
    #####:  241:         raise Constraint_Error with "vector is already at its maximum length";
        -:  242:      else
    #####:  243:         Insert (Container, Container.Last + 1, New_Item, Count);
        -:  244:      end if;
        -:  245:   end Append_Slow_Path;
------------------
graphalg_test_tg__B_8__test_graph__vertex_vectors__append_slow_path.201:
    #####:  232:   procedure Append_Slow_Path
        -:  233:     (Container : in out Vector;
        -:  234:      New_Item  : Element_Type;
        -:  235:      Count     : Count_Type)
        -:  236:   is
        -:  237:   begin
    #####:  238:      if Count = 0 then
    #####:  239:         return;
    #####:  240:      elsif Checks and then Container.Last = Index_Type'Last then
    #####:  241:         raise Constraint_Error with "vector is already at its maximum length";
        -:  242:      else
    #####:  243:         Insert (Container, Container.Last + 1, New_Item, Count);
        -:  244:      end if;
        -:  245:   end Append_Slow_Path;
------------------
graphalg_test_tg__B_8__test_graph__edge_vectors__append_slow_path.330:
    #####:  232:   procedure Append_Slow_Path
        -:  233:     (Container : in out Vector;
        -:  234:      New_Item  : Element_Type;
        -:  235:      Count     : Count_Type)
        -:  236:   is
        -:  237:   begin
    #####:  238:      if Count = 0 then
    #####:  239:         return;
    #####:  240:      elsif Checks and then Container.Last = Index_Type'Last then
    #####:  241:         raise Constraint_Error with "vector is already at its maximum length";
        -:  242:      else
    #####:  243:         Insert (Container, Container.Last + 1, New_Item, Count);
        -:  244:      end if;
        -:  245:   end Append_Slow_Path;
------------------
graphalg_test_tg__B_4__test_graph__vertex_vectors__append_slow_path.560:
    #####:  232:   procedure Append_Slow_Path
        -:  233:     (Container : in out Vector;
        -:  234:      New_Item  : Element_Type;
        -:  235:      Count     : Count_Type)
        -:  236:   is
        -:  237:   begin
    #####:  238:      if Count = 0 then
    #####:  239:         return;
    #####:  240:      elsif Checks and then Container.Last = Index_Type'Last then
    #####:  241:         raise Constraint_Error with "vector is already at its maximum length";
        -:  242:      else
    #####:  243:         Insert (Container, Container.Last + 1, New_Item, Count);
        -:  244:      end if;
        -:  245:   end Append_Slow_Path;
------------------
graphalg_test_tg__B_4__test_graph__edge_vectors__append_slow_path.689:
    #####:  232:   procedure Append_Slow_Path
        -:  233:     (Container : in out Vector;
        -:  234:      New_Item  : Element_Type;
        -:  235:      Count     : Count_Type)
        -:  236:   is
        -:  237:   begin
    #####:  238:      if Count = 0 then
    #####:  239:         return;
    #####:  240:      elsif Checks and then Container.Last = Index_Type'Last then
    #####:  241:         raise Constraint_Error with "vector is already at its maximum length";
        -:  242:      else
    #####:  243:         Insert (Container, Container.Last + 1, New_Item, Count);
        -:  244:      end if;
        -:  245:   end Append_Slow_Path;
------------------
        -:  246:
        -:  247:   ------------
        -:  248:   -- Assign --
        -:  249:   ------------
        -:  250:
    #####:  251:   procedure Assign (Target : in out Vector; Source : Vector) is
        -:  252:   begin
    #####:  253:      if Target'Address = Source'Address then
    #####:  254:         return;
        -:  255:      else
    #####:  256:         Target.Clear;
    #####:  257:         Target.Append_Vector (Source);
        -:  258:      end if;
        -:  259:   end Assign;
------------------
graphalg_test_tg__B_8__test_graph__vertex_vectors__assign.197:
    #####:  251:   procedure Assign (Target : in out Vector; Source : Vector) is
        -:  252:   begin
    #####:  253:      if Target'Address = Source'Address then
    #####:  254:         return;
        -:  255:      else
    #####:  256:         Target.Clear;
    #####:  257:         Target.Append_Vector (Source);
        -:  258:      end if;
        -:  259:   end Assign;
------------------
graphalg_test_tg__B_8__test_graph__edge_vectors__assign.326:
    #####:  251:   procedure Assign (Target : in out Vector; Source : Vector) is
        -:  252:   begin
    #####:  253:      if Target'Address = Source'Address then
    #####:  254:         return;
        -:  255:      else
    #####:  256:         Target.Clear;
    #####:  257:         Target.Append_Vector (Source);
        -:  258:      end if;
        -:  259:   end Assign;
------------------
graphalg_test_tg__B_4__test_graph__vertex_vectors__assign.556:
    #####:  251:   procedure Assign (Target : in out Vector; Source : Vector) is
        -:  252:   begin
    #####:  253:      if Target'Address = Source'Address then
    #####:  254:         return;
        -:  255:      else
    #####:  256:         Target.Clear;
    #####:  257:         Target.Append_Vector (Source);
        -:  258:      end if;
        -:  259:   end Assign;
------------------
graphalg_test_tg__B_4__test_graph__edge_vectors__assign.685:
    #####:  251:   procedure Assign (Target : in out Vector; Source : Vector) is
        -:  252:   begin
    #####:  253:      if Target'Address = Source'Address then
    #####:  254:         return;
        -:  255:      else
    #####:  256:         Target.Clear;
    #####:  257:         Target.Append_Vector (Source);
        -:  258:      end if;
        -:  259:   end Assign;
------------------
        -:  260:
        -:  261:   --------------
        -:  262:   -- Capacity --
        -:  263:   --------------
        -:  264:
    #####:  265:   function Capacity (Container : Vector) return Count_Type is
        -:  266:   begin
    #####:  267:      if Container.Elements = null then
    #####:  268:         return 0;
        -:  269:      else
    #####:  270:         return Container.Elements.EA'Length;
        -:  271:      end if;
        -:  272:   end Capacity;
------------------
graphalg_test_tg__B_8__test_graph__vertex_vectors__capacity.196:
    #####:  265:   function Capacity (Container : Vector) return Count_Type is
        -:  266:   begin
    #####:  267:      if Container.Elements = null then
    #####:  268:         return 0;
        -:  269:      else
    #####:  270:         return Container.Elements.EA'Length;
        -:  271:      end if;
        -:  272:   end Capacity;
------------------
graphalg_test_tg__B_8__test_graph__edge_vectors__capacity.325:
    #####:  265:   function Capacity (Container : Vector) return Count_Type is
        -:  266:   begin
    #####:  267:      if Container.Elements = null then
    #####:  268:         return 0;
        -:  269:      else
    #####:  270:         return Container.Elements.EA'Length;
        -:  271:      end if;
        -:  272:   end Capacity;
------------------
graphalg_test_tg__B_4__test_graph__vertex_vectors__capacity.555:
    #####:  265:   function Capacity (Container : Vector) return Count_Type is
        -:  266:   begin
    #####:  267:      if Container.Elements = null then
    #####:  268:         return 0;
        -:  269:      else
    #####:  270:         return Container.Elements.EA'Length;
        -:  271:      end if;
        -:  272:   end Capacity;
------------------
graphalg_test_tg__B_4__test_graph__edge_vectors__capacity.684:
    #####:  265:   function Capacity (Container : Vector) return Count_Type is
        -:  266:   begin
    #####:  267:      if Container.Elements = null then
    #####:  268:         return 0;
        -:  269:      else
    #####:  270:         return Container.Elements.EA'Length;
        -:  271:      end if;
        -:  272:   end Capacity;
------------------
        -:  273:
        -:  274:   -----------
        -:  275:   -- Clear --
        -:  276:   -----------
        -:  277:
    #####:  278:   procedure Clear (Container : in out Vector) is
        -:  279:   begin
    #####:  280:      TC_Check (Container.TC);
    #####:  281:      Container.Last := No_Index;
    #####:  282:   end Clear;
------------------
graphalg_test_tg__B_8__test_graph__vertex_vectors__clear.195:
    #####:  278:   procedure Clear (Container : in out Vector) is
        -:  279:   begin
    #####:  280:      TC_Check (Container.TC);
    #####:  281:      Container.Last := No_Index;
    #####:  282:   end Clear;
------------------
graphalg_test_tg__B_8__test_graph__edge_vectors__clear.324:
    #####:  278:   procedure Clear (Container : in out Vector) is
        -:  279:   begin
    #####:  280:      TC_Check (Container.TC);
    #####:  281:      Container.Last := No_Index;
    #####:  282:   end Clear;
------------------
graphalg_test_tg__B_4__test_graph__vertex_vectors__clear.554:
    #####:  278:   procedure Clear (Container : in out Vector) is
        -:  279:   begin
    #####:  280:      TC_Check (Container.TC);
    #####:  281:      Container.Last := No_Index;
    #####:  282:   end Clear;
------------------
graphalg_test_tg__B_4__test_graph__edge_vectors__clear.683:
    #####:  278:   procedure Clear (Container : in out Vector) is
        -:  279:   begin
    #####:  280:      TC_Check (Container.TC);
    #####:  281:      Container.Last := No_Index;
    #####:  282:   end Clear;
------------------
        -:  283:
        -:  284:   ------------------------
        -:  285:   -- Constant_Reference --
        -:  286:   ------------------------
        -:  287:
    #####:  288:   function Constant_Reference
        -:  289:     (Container : aliased Vector;
        -:  290:      Position  : Cursor) return Constant_Reference_Type
        -:  291:   is
        -:  292:   begin
        -:  293:      if Checks then
    #####:  294:         if Position.Container = null then
    #####:  295:            raise Constraint_Error with "Position cursor has no element";
        -:  296:         end if;
        -:  297:
    #####:  298:         if Position.Container /= Container'Unrestricted_Access then
    #####:  299:            raise Program_Error with "Position cursor denotes wrong container";
        -:  300:         end if;
        -:  301:
    #####:  302:         if Position.Index > Position.Container.Last then
    #####:  303:            raise Constraint_Error with "Position cursor is out of range";
        -:  304:         end if;
        -:  305:      end if;
        -:  306:
        -:  307:      declare
    #####:  308:         TC : constant Tamper_Counts_Access :=
        -:  309:           Container.TC'Unrestricted_Access;
        -:  310:      begin
    #####:  311:         return R : constant Constant_Reference_Type :=
    #####:  312:           (Element => Container.Elements.EA (Position.Index)'Access,
    #####:  313:            Control => (Controlled with TC))
        -:  314:         do
    #####:  315:            Busy (TC.all);
        -:  316:         end return;
        -:  317:      end;
        -:  318:   end Constant_Reference;
------------------
graphalg_test_tg__B_8__test_graph__vertex_vectors__constant_reference.193:
    #####:  288:   function Constant_Reference
        -:  289:     (Container : aliased Vector;
        -:  290:      Position  : Cursor) return Constant_Reference_Type
        -:  291:   is
        -:  292:   begin
        -:  293:      if Checks then
    #####:  294:         if Position.Container = null then
    #####:  295:            raise Constraint_Error with "Position cursor has no element";
        -:  296:         end if;
        -:  297:
    #####:  298:         if Position.Container /= Container'Unrestricted_Access then
    #####:  299:            raise Program_Error with "Position cursor denotes wrong container";
        -:  300:         end if;
        -:  301:
    #####:  302:         if Position.Index > Position.Container.Last then
    #####:  303:            raise Constraint_Error with "Position cursor is out of range";
        -:  304:         end if;
        -:  305:      end if;
        -:  306:
        -:  307:      declare
    #####:  308:         TC : constant Tamper_Counts_Access :=
        -:  309:           Container.TC'Unrestricted_Access;
        -:  310:      begin
    #####:  311:         return R : constant Constant_Reference_Type :=
    #####:  312:           (Element => Container.Elements.EA (Position.Index)'Access,
    #####:  313:            Control => (Controlled with TC))
        -:  314:         do
    #####:  315:            Busy (TC.all);
        -:  316:         end return;
        -:  317:      end;
        -:  318:   end Constant_Reference;
------------------
graphalg_test_tg__B_8__test_graph__edge_vectors__constant_reference.322:
    #####:  288:   function Constant_Reference
        -:  289:     (Container : aliased Vector;
        -:  290:      Position  : Cursor) return Constant_Reference_Type
        -:  291:   is
        -:  292:   begin
        -:  293:      if Checks then
    #####:  294:         if Position.Container = null then
    #####:  295:            raise Constraint_Error with "Position cursor has no element";
        -:  296:         end if;
        -:  297:
    #####:  298:         if Position.Container /= Container'Unrestricted_Access then
    #####:  299:            raise Program_Error with "Position cursor denotes wrong container";
        -:  300:         end if;
        -:  301:
    #####:  302:         if Position.Index > Position.Container.Last then
    #####:  303:            raise Constraint_Error with "Position cursor is out of range";
        -:  304:         end if;
        -:  305:      end if;
        -:  306:
        -:  307:      declare
    #####:  308:         TC : constant Tamper_Counts_Access :=
        -:  309:           Container.TC'Unrestricted_Access;
        -:  310:      begin
    #####:  311:         return R : constant Constant_Reference_Type :=
    #####:  312:           (Element => Container.Elements.EA (Position.Index)'Access,
    #####:  313:            Control => (Controlled with TC))
        -:  314:         do
    #####:  315:            Busy (TC.all);
        -:  316:         end return;
        -:  317:      end;
        -:  318:   end Constant_Reference;
------------------
graphalg_test_tg__B_4__test_graph__vertex_vectors__constant_reference.552:
    #####:  288:   function Constant_Reference
        -:  289:     (Container : aliased Vector;
        -:  290:      Position  : Cursor) return Constant_Reference_Type
        -:  291:   is
        -:  292:   begin
        -:  293:      if Checks then
    #####:  294:         if Position.Container = null then
    #####:  295:            raise Constraint_Error with "Position cursor has no element";
        -:  296:         end if;
        -:  297:
    #####:  298:         if Position.Container /= Container'Unrestricted_Access then
    #####:  299:            raise Program_Error with "Position cursor denotes wrong container";
        -:  300:         end if;
        -:  301:
    #####:  302:         if Position.Index > Position.Container.Last then
    #####:  303:            raise Constraint_Error with "Position cursor is out of range";
        -:  304:         end if;
        -:  305:      end if;
        -:  306:
        -:  307:      declare
    #####:  308:         TC : constant Tamper_Counts_Access :=
        -:  309:           Container.TC'Unrestricted_Access;
        -:  310:      begin
    #####:  311:         return R : constant Constant_Reference_Type :=
    #####:  312:           (Element => Container.Elements.EA (Position.Index)'Access,
    #####:  313:            Control => (Controlled with TC))
        -:  314:         do
    #####:  315:            Busy (TC.all);
        -:  316:         end return;
        -:  317:      end;
        -:  318:   end Constant_Reference;
------------------
graphalg_test_tg__B_4__test_graph__edge_vectors__constant_reference.681:
    #####:  288:   function Constant_Reference
        -:  289:     (Container : aliased Vector;
        -:  290:      Position  : Cursor) return Constant_Reference_Type
        -:  291:   is
        -:  292:   begin
        -:  293:      if Checks then
    #####:  294:         if Position.Container = null then
    #####:  295:            raise Constraint_Error with "Position cursor has no element";
        -:  296:         end if;
        -:  297:
    #####:  298:         if Position.Container /= Container'Unrestricted_Access then
    #####:  299:            raise Program_Error with "Position cursor denotes wrong container";
        -:  300:         end if;
        -:  301:
    #####:  302:         if Position.Index > Position.Container.Last then
    #####:  303:            raise Constraint_Error with "Position cursor is out of range";
        -:  304:         end if;
        -:  305:      end if;
        -:  306:
        -:  307:      declare
    #####:  308:         TC : constant Tamper_Counts_Access :=
        -:  309:           Container.TC'Unrestricted_Access;
        -:  310:      begin
    #####:  311:         return R : constant Constant_Reference_Type :=
    #####:  312:           (Element => Container.Elements.EA (Position.Index)'Access,
    #####:  313:            Control => (Controlled with TC))
        -:  314:         do
    #####:  315:            Busy (TC.all);
        -:  316:         end return;
        -:  317:      end;
        -:  318:   end Constant_Reference;
------------------
        -:  319:
    #####:  320:   function Constant_Reference
        -:  321:     (Container : aliased Vector;
        -:  322:      Index     : Index_Type) return Constant_Reference_Type
        -:  323:   is
        -:  324:   begin
    #####:  325:      if Checks and then Index > Container.Last then
    #####:  326:         raise Constraint_Error with "Index is out of range";
        -:  327:      end if;
        -:  328:
        -:  329:      declare
    #####:  330:         TC : constant Tamper_Counts_Access :=
        -:  331:           Container.TC'Unrestricted_Access;
        -:  332:      begin
    #####:  333:         return R : constant Constant_Reference_Type :=
    #####:  334:           (Element => Container.Elements.EA (Index)'Access,
    #####:  335:            Control => (Controlled with TC))
        -:  336:         do
    #####:  337:            Busy (TC.all);
        -:  338:         end return;
        -:  339:      end;
        -:  340:   end Constant_Reference;
------------------
graphalg_test_tg__B_8__test_graph__vertex_vectors__constant_reference__2.190:
    #####:  320:   function Constant_Reference
        -:  321:     (Container : aliased Vector;
        -:  322:      Index     : Index_Type) return Constant_Reference_Type
        -:  323:   is
        -:  324:   begin
    #####:  325:      if Checks and then Index > Container.Last then
    #####:  326:         raise Constraint_Error with "Index is out of range";
        -:  327:      end if;
        -:  328:
        -:  329:      declare
    #####:  330:         TC : constant Tamper_Counts_Access :=
        -:  331:           Container.TC'Unrestricted_Access;
        -:  332:      begin
    #####:  333:         return R : constant Constant_Reference_Type :=
    #####:  334:           (Element => Container.Elements.EA (Index)'Access,
    #####:  335:            Control => (Controlled with TC))
        -:  336:         do
    #####:  337:            Busy (TC.all);
        -:  338:         end return;
        -:  339:      end;
        -:  340:   end Constant_Reference;
------------------
graphalg_test_tg__B_8__test_graph__edge_vectors__constant_reference__2.319:
    #####:  320:   function Constant_Reference
        -:  321:     (Container : aliased Vector;
        -:  322:      Index     : Index_Type) return Constant_Reference_Type
        -:  323:   is
        -:  324:   begin
    #####:  325:      if Checks and then Index > Container.Last then
    #####:  326:         raise Constraint_Error with "Index is out of range";
        -:  327:      end if;
        -:  328:
        -:  329:      declare
    #####:  330:         TC : constant Tamper_Counts_Access :=
        -:  331:           Container.TC'Unrestricted_Access;
        -:  332:      begin
    #####:  333:         return R : constant Constant_Reference_Type :=
    #####:  334:           (Element => Container.Elements.EA (Index)'Access,
    #####:  335:            Control => (Controlled with TC))
        -:  336:         do
    #####:  337:            Busy (TC.all);
        -:  338:         end return;
        -:  339:      end;
        -:  340:   end Constant_Reference;
------------------
graphalg_test_tg__B_4__test_graph__vertex_vectors__constant_reference__2.549:
    #####:  320:   function Constant_Reference
        -:  321:     (Container : aliased Vector;
        -:  322:      Index     : Index_Type) return Constant_Reference_Type
        -:  323:   is
        -:  324:   begin
    #####:  325:      if Checks and then Index > Container.Last then
    #####:  326:         raise Constraint_Error with "Index is out of range";
        -:  327:      end if;
        -:  328:
        -:  329:      declare
    #####:  330:         TC : constant Tamper_Counts_Access :=
        -:  331:           Container.TC'Unrestricted_Access;
        -:  332:      begin
    #####:  333:         return R : constant Constant_Reference_Type :=
    #####:  334:           (Element => Container.Elements.EA (Index)'Access,
    #####:  335:            Control => (Controlled with TC))
        -:  336:         do
    #####:  337:            Busy (TC.all);
        -:  338:         end return;
        -:  339:      end;
        -:  340:   end Constant_Reference;
------------------
graphalg_test_tg__B_4__test_graph__edge_vectors__constant_reference__2.678:
    #####:  320:   function Constant_Reference
        -:  321:     (Container : aliased Vector;
        -:  322:      Index     : Index_Type) return Constant_Reference_Type
        -:  323:   is
        -:  324:   begin
    #####:  325:      if Checks and then Index > Container.Last then
    #####:  326:         raise Constraint_Error with "Index is out of range";
        -:  327:      end if;
        -:  328:
        -:  329:      declare
    #####:  330:         TC : constant Tamper_Counts_Access :=
        -:  331:           Container.TC'Unrestricted_Access;
        -:  332:      begin
    #####:  333:         return R : constant Constant_Reference_Type :=
    #####:  334:           (Element => Container.Elements.EA (Index)'Access,
    #####:  335:            Control => (Controlled with TC))
        -:  336:         do
    #####:  337:            Busy (TC.all);
        -:  338:         end return;
        -:  339:      end;
        -:  340:   end Constant_Reference;
------------------
        -:  341:
        -:  342:   --------------
        -:  343:   -- Contains --
        -:  344:   --------------
        -:  345:
    #####:  346:   function Contains
        -:  347:     (Container : Vector;
        -:  348:      Item      : Element_Type) return Boolean
        -:  349:   is
        -:  350:   begin
    #####:  351:      return Find_Index (Container, Item) /= No_Index;
        -:  352:   end Contains;
------------------
graphalg_test_tg__B_8__test_graph__vertex_vectors__contains.189:
    #####:  346:   function Contains
        -:  347:     (Container : Vector;
        -:  348:      Item      : Element_Type) return Boolean
        -:  349:   is
        -:  350:   begin
    #####:  351:      return Find_Index (Container, Item) /= No_Index;
        -:  352:   end Contains;
------------------
graphalg_test_tg__B_8__test_graph__edge_vectors__contains.318:
    #####:  346:   function Contains
        -:  347:     (Container : Vector;
        -:  348:      Item      : Element_Type) return Boolean
        -:  349:   is
        -:  350:   begin
    #####:  351:      return Find_Index (Container, Item) /= No_Index;
        -:  352:   end Contains;
------------------
graphalg_test_tg__B_4__test_graph__vertex_vectors__contains.548:
    #####:  346:   function Contains
        -:  347:     (Container : Vector;
        -:  348:      Item      : Element_Type) return Boolean
        -:  349:   is
        -:  350:   begin
    #####:  351:      return Find_Index (Container, Item) /= No_Index;
        -:  352:   end Contains;
------------------
graphalg_test_tg__B_4__test_graph__edge_vectors__contains.677:
    #####:  346:   function Contains
        -:  347:     (Container : Vector;
        -:  348:      Item      : Element_Type) return Boolean
        -:  349:   is
        -:  350:   begin
    #####:  351:      return Find_Index (Container, Item) /= No_Index;
        -:  352:   end Contains;
------------------
        -:  353:
        -:  354:   ----------
        -:  355:   -- Copy --
        -:  356:   ----------
        -:  357:
    #####:  358:   function Copy
        -:  359:     (Source   : Vector;
        -:  360:      Capacity : Count_Type := 0) return Vector
        -:  361:   is
        -:  362:      C : Count_Type;
        -:  363:
        -:  364:   begin
    #####:  365:      if Capacity >= Source.Length then
    #####:  366:         C := Capacity;
        -:  367:
        -:  368:      else
    #####:  369:         C := Source.Length;
        -:  370:
    #####:  371:         if Checks and then Capacity /= 0 then
    #####:  372:            raise Capacity_Error with
        -:  373:              "Requested capacity is less than Source length";
        -:  374:         end if;
        -:  375:      end if;
        -:  376:
    #####:  377:      return Target : Vector do
    #####:  378:         Target.Reserve_Capacity (C);
    #####:  379:         Target.Assign (Source);
        -:  380:      end return;
        -:  381:   end Copy;
------------------
graphalg_test_tg__B_8__test_graph__vertex_vectors__copy.187:
    #####:  358:   function Copy
        -:  359:     (Source   : Vector;
        -:  360:      Capacity : Count_Type := 0) return Vector
        -:  361:   is
        -:  362:      C : Count_Type;
        -:  363:
        -:  364:   begin
    #####:  365:      if Capacity >= Source.Length then
    #####:  366:         C := Capacity;
        -:  367:
        -:  368:      else
    #####:  369:         C := Source.Length;
        -:  370:
    #####:  371:         if Checks and then Capacity /= 0 then
    #####:  372:            raise Capacity_Error with
        -:  373:              "Requested capacity is less than Source length";
        -:  374:         end if;
        -:  375:      end if;
        -:  376:
    #####:  377:      return Target : Vector do
    #####:  378:         Target.Reserve_Capacity (C);
    #####:  379:         Target.Assign (Source);
        -:  380:      end return;
        -:  381:   end Copy;
------------------
graphalg_test_tg__B_8__test_graph__edge_vectors__copy.316:
    #####:  358:   function Copy
        -:  359:     (Source   : Vector;
        -:  360:      Capacity : Count_Type := 0) return Vector
        -:  361:   is
        -:  362:      C : Count_Type;
        -:  363:
        -:  364:   begin
    #####:  365:      if Capacity >= Source.Length then
    #####:  366:         C := Capacity;
        -:  367:
        -:  368:      else
    #####:  369:         C := Source.Length;
        -:  370:
    #####:  371:         if Checks and then Capacity /= 0 then
    #####:  372:            raise Capacity_Error with
        -:  373:              "Requested capacity is less than Source length";
        -:  374:         end if;
        -:  375:      end if;
        -:  376:
    #####:  377:      return Target : Vector do
    #####:  378:         Target.Reserve_Capacity (C);
    #####:  379:         Target.Assign (Source);
        -:  380:      end return;
        -:  381:   end Copy;
------------------
graphalg_test_tg__B_4__test_graph__vertex_vectors__copy.546:
    #####:  358:   function Copy
        -:  359:     (Source   : Vector;
        -:  360:      Capacity : Count_Type := 0) return Vector
        -:  361:   is
        -:  362:      C : Count_Type;
        -:  363:
        -:  364:   begin
    #####:  365:      if Capacity >= Source.Length then
    #####:  366:         C := Capacity;
        -:  367:
        -:  368:      else
    #####:  369:         C := Source.Length;
        -:  370:
    #####:  371:         if Checks and then Capacity /= 0 then
    #####:  372:            raise Capacity_Error with
        -:  373:              "Requested capacity is less than Source length";
        -:  374:         end if;
        -:  375:      end if;
        -:  376:
    #####:  377:      return Target : Vector do
    #####:  378:         Target.Reserve_Capacity (C);
    #####:  379:         Target.Assign (Source);
        -:  380:      end return;
        -:  381:   end Copy;
------------------
graphalg_test_tg__B_4__test_graph__edge_vectors__copy.675:
    #####:  358:   function Copy
        -:  359:     (Source   : Vector;
        -:  360:      Capacity : Count_Type := 0) return Vector
        -:  361:   is
        -:  362:      C : Count_Type;
        -:  363:
        -:  364:   begin
    #####:  365:      if Capacity >= Source.Length then
    #####:  366:         C := Capacity;
        -:  367:
        -:  368:      else
    #####:  369:         C := Source.Length;
        -:  370:
    #####:  371:         if Checks and then Capacity /= 0 then
    #####:  372:            raise Capacity_Error with
        -:  373:              "Requested capacity is less than Source length";
        -:  374:         end if;
        -:  375:      end if;
        -:  376:
    #####:  377:      return Target : Vector do
    #####:  378:         Target.Reserve_Capacity (C);
    #####:  379:         Target.Assign (Source);
        -:  380:      end return;
        -:  381:   end Copy;
------------------
        -:  382:
        -:  383:   ------------
        -:  384:   -- Delete --
        -:  385:   ------------
        -:  386:
    #####:  387:   procedure Delete
        -:  388:     (Container : in out Vector;
        -:  389:      Index     : Extended_Index;
        -:  390:      Count     : Count_Type := 1)
        -:  391:   is
    #####:  392:      Old_Last : constant Index_Type'Base := Container.Last;
        -:  393:      New_Last : Index_Type'Base;
        -:  394:      Count2   : Count_Type'Base;  -- count of items from Index to Old_Last
        -:  395:      J        : Index_Type'Base;  -- first index of items that slide down
        -:  396:
        -:  397:   begin
        -:  398:      --  The tampering bits exist to prevent an item from being deleted (or
        -:  399:      --  otherwise harmfully manipulated) while it is being visited. Query,
        -:  400:      --  Update, and Iterate increment the busy count on entry, and decrement
        -:  401:      --  the count on exit. Delete checks the count to determine whether it is
        -:  402:      --  being called while the associated callback procedure is executing.
        -:  403:
    #####:  404:      TC_Check (Container.TC);
        -:  405:
        -:  406:      --  Delete removes items from the vector, the number of which is the
        -:  407:      --  minimum of the specified Count and the items (if any) that exist from
        -:  408:      --  Index to Container.Last. There are no constraints on the specified
        -:  409:      --  value of Count (it can be larger than what's available at this
        -:  410:      --  position in the vector, for example), but there are constraints on
        -:  411:      --  the allowed values of the Index.
        -:  412:
        -:  413:      --  As a precondition on the generic actual Index_Type, the base type
        -:  414:      --  must include Index_Type'Pred (Index_Type'First); this is the value
        -:  415:      --  that Container.Last assumes when the vector is empty. However, we do
        -:  416:      --  not allow that as the value for Index when specifying which items
        -:  417:      --  should be deleted, so we must manually check. (That the user is
        -:  418:      --  allowed to specify the value at all here is a consequence of the
        -:  419:      --  declaration of the Extended_Index subtype, which includes the values
        -:  420:      --  in the base range that immediately precede and immediately follow the
        -:  421:      --  values in the Index_Type.)
        -:  422:
    #####:  423:      if Checks and then Index < Index_Type'First then
    #####:  424:         raise Constraint_Error with "Index is out of range (too small)";
        -:  425:      end if;
        -:  426:
        -:  427:      --  We do allow a value greater than Container.Last to be specified as
        -:  428:      --  the Index, but only if it's immediately greater. This allows the
        -:  429:      --  corner case of deleting no items from the back end of the vector to
        -:  430:      --  be treated as a no-op. (It is assumed that specifying an index value
        -:  431:      --  greater than Last + 1 indicates some deeper flaw in the caller's
        -:  432:      --  algorithm, so that case is treated as a proper error.)
        -:  433:
    #####:  434:      if Index > Old_Last then
    #####:  435:         if Checks and then Index > Old_Last + 1 then
    #####:  436:            raise Constraint_Error with "Index is out of range (too large)";
        -:  437:         else
    #####:  438:            return;
        -:  439:         end if;
        -:  440:      end if;
        -:  441:
        -:  442:      --  Here and elsewhere we treat deleting 0 items from the container as a
        -:  443:      --  no-op, even when the container is busy, so we simply return.
        -:  444:
    #####:  445:      if Count = 0 then
    #####:  446:         return;
        -:  447:      end if;
        -:  448:
        -:  449:      --  We first calculate what's available for deletion starting at
        -:  450:      --  Index. Here and elsewhere we use the wider of Index_Type'Base and
        -:  451:      --  Count_Type'Base as the type for intermediate values. (See function
        -:  452:      --  Length for more information.)
        -:  453:
        -:  454:      if Count_Type'Base'Last >= Index_Type'Pos (Index_Type'Base'Last) then
    #####:  455:         Count2 := Count_Type'Base (Old_Last) - Count_Type'Base (Index) + 1;
        -:  456:      else
        -:  457:         Count2 := Count_Type'Base (Old_Last - Index + 1);
        -:  458:      end if;
        -:  459:
        -:  460:      --  If more elements are requested (Count) for deletion than are
        -:  461:      --  available (Count2) for deletion beginning at Index, then everything
        -:  462:      --  from Index is deleted. There are no elements to slide down, and so
        -:  463:      --  all we need to do is set the value of Container.Last.
        -:  464:
    #####:  465:      if Count >= Count2 then
    #####:  466:         Container.Last := Index - 1;
    #####:  467:         return;
        -:  468:      end if;
        -:  469:
        -:  470:      --  There are some elements that aren't being deleted (the requested
        -:  471:      --  count was less than the available count), so we must slide them down
        -:  472:      --  to Index. We first calculate the index values of the respective array
        -:  473:      --  slices, using the wider of Index_Type'Base and Count_Type'Base as the
        -:  474:      --  type for intermediate calculations. For the elements that slide down,
        -:  475:      --  index value New_Last is the last index value of their new home, and
        -:  476:      --  index value J is the first index of their old home.
        -:  477:
        -:  478:      if Index_Type'Base'Last >= Count_Type_Last then
    #####:  479:         New_Last := Old_Last - Index_Type'Base (Count);
    #####:  480:         J := Index + Index_Type'Base (Count);
        -:  481:      else
        -:  482:         New_Last := Index_Type'Base (Count_Type'Base (Old_Last) - Count);
        -:  483:         J := Index_Type'Base (Count_Type'Base (Index) + Count);
        -:  484:      end if;
        -:  485:
        -:  486:      --  The internal elements array isn't guaranteed to exist unless we have
        -:  487:      --  elements, but we have that guarantee here because we know we have
        -:  488:      --  elements to slide.  The array index values for each slice have
        -:  489:      --  already been determined, so we just slide down to Index the elements
        -:  490:      --  that weren't deleted.
        -:  491:
        -:  492:      declare
    #####:  493:         EA : Elements_Array renames Container.Elements.EA;
        -:  494:      begin
    #####:  495:         EA (Index .. New_Last) := EA (J .. Old_Last);
    #####:  496:         Container.Last := New_Last;
        -:  497:      end;
        -:  498:   end Delete;
------------------
graphalg_test_tg__B_8__test_graph__vertex_vectors__delete.186:
    #####:  387:   procedure Delete
        -:  388:     (Container : in out Vector;
        -:  389:      Index     : Extended_Index;
        -:  390:      Count     : Count_Type := 1)
        -:  391:   is
    #####:  392:      Old_Last : constant Index_Type'Base := Container.Last;
        -:  393:      New_Last : Index_Type'Base;
        -:  394:      Count2   : Count_Type'Base;  -- count of items from Index to Old_Last
        -:  395:      J        : Index_Type'Base;  -- first index of items that slide down
        -:  396:
        -:  397:   begin
        -:  398:      --  The tampering bits exist to prevent an item from being deleted (or
[...]
        -: 3227:
        -: 3228:         if Checks and then Last > Index_Type'Last then
        -: 3229:            raise Constraint_Error with "Length is out of range";
        -: 3230:         end if;
        -: 3231:
        -: 3232:      elsif Index_Type'First <= 0 then
        -: 3233:
        -: 3234:         --  Here we can compute Last directly, in the normal way. We know that
        -: 3235:         --  No_Index is less than 0, so there is no danger of overflow when
        -: 3236:         --  adding the (positive) value of Length.
        -: 3237:
        -: 3238:         Index := Count_Type'Base (No_Index) + Length;  -- same value as V.Last
        -: 3239:
        -: 3240:         if Checks and then Index > Count_Type'Base (Index_Type'Last) then
        -: 3241:            raise Constraint_Error with "Length is out of range";
        -: 3242:         end if;
        -: 3243:
        -: 3244:         --  We know that the computed value (having type Count_Type) of Last
        -: 3245:         --  is within the range of the generic actual index subtype, so it is
        -: 3246:         --  safe to convert to Index_Type:
        -: 3247:
        -: 3248:         Last := Index_Type'Base (Index);
        -: 3249:
        -: 3250:      else
        -: 3251:         --  Here Index_Type'First (and Index_Type'Last) is positive, so we
        -: 3252:         --  must test the length indirectly (by working backwards from the
        -: 3253:         --  largest possible value of Last), in order to prevent overflow.
        -: 3254:
        -: 3255:         Index := Count_Type'Base (Index_Type'Last) - Length;  -- No_Index
        -: 3256:
        -: 3257:         if Checks and then Index < Count_Type'Base (No_Index) then
        -: 3258:            raise Constraint_Error with "Length is out of range";
        -: 3259:         end if;
        -: 3260:
        -: 3261:         --  We have determined that the value of Length would not create a
        -: 3262:         --  Last index value outside of the range of Index_Type, so we can now
        -: 3263:         --  safely compute its value.
        -: 3264:
        -: 3265:         Last := Index_Type'Base (Count_Type'Base (No_Index) + Length);
        -: 3266:      end if;
        -: 3267:
    #####: 3268:      Elements := new Elements_Type'(Last, EA => (others => New_Item));
        -: 3269:
    #####: 3270:      return (Controlled with Elements, Last, TC => <>);
    #####: 3271:   end To_Vector;
------------------
graphalg_test_tg__B_4__test_graph__edge_vectors__to_vector__2.579:
    #####: 3181:   function To_Vector
        -: 3182:     (New_Item : Element_Type;
        -: 3183:      Length   : Count_Type) return Vector
        -: 3184:   is
    #####: 3185:      Index    : Count_Type'Base;
        -: 3186:      Last     : Index_Type'Base;
    #####: 3187:      Elements : Elements_Access;
        -: 3188:
        -: 3189:   begin
    #####: 3190:      if Length = 0 then
    #####: 3191:         return Empty_Vector;
        -: 3192:      end if;
        -: 3193:
        -: 3194:      --  We create a vector object with a capacity that matches the specified
        -: 3195:      --  Length, but we do not allow the vector capacity (the length of the
        -: 3196:      --  internal array) to exceed the number of values in Index_Type'Range
        -: 3197:      --  (otherwise, there would be no way to refer to those components via an
        -: 3198:      --  index). We must therefore check whether the specified Length would
        -: 3199:      --  create a Last index value greater than Index_Type'Last.
        -: 3200:
        -: 3201:      if Index_Type'Base'Last >= Count_Type_Last then
        -: 3202:
        -: 3203:         --  We perform a two-part test. First we determine whether the
        -: 3204:         --  computed Last value lies in the base range of the type, and then
        -: 3205:         --  determine whether it lies in the range of the index (sub)type.
        -: 3206:
        -: 3207:         --  Last must satisfy this relation:
        -: 3208:         --    First + Length - 1 <= Last
        -: 3209:         --  We regroup terms:
        -: 3210:         --    First - 1 <= Last - Length
        -: 3211:         --  Which can rewrite as:
        -: 3212:         --    No_Index <= Last - Length
        -: 3213:
        -: 3214:         if Checks and then
    #####: 3215:           Index_Type'Base'Last - Index_Type'Base (Length) < No_Index
        -: 3216:         then
    #####: 3217:            raise Constraint_Error with "Length is out of range";
        -: 3218:         end if;
        -: 3219:
        -: 3220:         --  We now know that the computed value of Last is within the base
        -: 3221:         --  range of the type, so it is safe to compute its value:
        -: 3222:
    #####: 3223:         Last := No_Index + Index_Type'Base (Length);
        -: 3224:
        -: 3225:         --  Finally we test whether the value is within the range of the
        -: 3226:         --  generic actual index subtype:
        -: 3227:
        -: 3228:         if Checks and then Last > Index_Type'Last then
        -: 3229:            raise Constraint_Error with "Length is out of range";
        -: 3230:         end if;
        -: 3231:
        -: 3232:      elsif Index_Type'First <= 0 then
        -: 3233:
        -: 3234:         --  Here we can compute Last directly, in the normal way. We know that
        -: 3235:         --  No_Index is less than 0, so there is no danger of overflow when
        -: 3236:         --  adding the (positive) value of Length.
        -: 3237:
        -: 3238:         Index := Count_Type'Base (No_Index) + Length;  -- same value as V.Last
        -: 3239:
        -: 3240:         if Checks and then Index > Count_Type'Base (Index_Type'Last) then
        -: 3241:            raise Constraint_Error with "Length is out of range";
        -: 3242:         end if;
        -: 3243:
        -: 3244:         --  We know that the computed value (having type Count_Type) of Last
        -: 3245:         --  is within the range of the generic actual index subtype, so it is
        -: 3246:         --  safe to convert to Index_Type:
        -: 3247:
        -: 3248:         Last := Index_Type'Base (Index);
        -: 3249:
        -: 3250:      else
        -: 3251:         --  Here Index_Type'First (and Index_Type'Last) is positive, so we
        -: 3252:         --  must test the length indirectly (by working backwards from the
        -: 3253:         --  largest possible value of Last), in order to prevent overflow.
        -: 3254:
        -: 3255:         Index := Count_Type'Base (Index_Type'Last) - Length;  -- No_Index
        -: 3256:
        -: 3257:         if Checks and then Index < Count_Type'Base (No_Index) then
        -: 3258:            raise Constraint_Error with "Length is out of range";
        -: 3259:         end if;
        -: 3260:
        -: 3261:         --  We have determined that the value of Length would not create a
        -: 3262:         --  Last index value outside of the range of Index_Type, so we can now
        -: 3263:         --  safely compute its value.
        -: 3264:
        -: 3265:         Last := Index_Type'Base (Count_Type'Base (No_Index) + Length);
        -: 3266:      end if;
        -: 3267:
    #####: 3268:      Elements := new Elements_Type'(Last, EA => (others => New_Item));
        -: 3269:
    #####: 3270:      return (Controlled with Elements, Last, TC => <>);
    #####: 3271:   end To_Vector;
------------------
        -: 3272:
        -: 3273:   --------------------
        -: 3274:   -- Update_Element --
        -: 3275:   --------------------
        -: 3276:
    #####: 3277:   procedure Update_Element
        -: 3278:     (Container : in out Vector;
        -: 3279:      Index     : Index_Type;
        -: 3280:      Process   : not null access procedure (Element : in out Element_Type))
        -: 3281:   is
    #####: 3282:      Lock : With_Lock (Container.TC'Unchecked_Access);
        -: 3283:   begin
    #####: 3284:      if Checks and then Index > Container.Last then
    #####: 3285:         raise Constraint_Error with "Index is out of range";
        -: 3286:      end if;
        -: 3287:
    #####: 3288:      Process (Container.Elements.EA (Index));
    #####: 3289:   end Update_Element;
------------------
graphalg_test_tg__B_8__test_graph__vertex_vectors__update_element.92:
    #####: 3277:   procedure Update_Element
        -: 3278:     (Container : in out Vector;
        -: 3279:      Index     : Index_Type;
        -: 3280:      Process   : not null access procedure (Element : in out Element_Type))
        -: 3281:   is
    #####: 3282:      Lock : With_Lock (Container.TC'Unchecked_Access);
        -: 3283:   begin
    #####: 3284:      if Checks and then Index > Container.Last then
    #####: 3285:         raise Constraint_Error with "Index is out of range";
        -: 3286:      end if;
        -: 3287:
    #####: 3288:      Process (Container.Elements.EA (Index));
    #####: 3289:   end Update_Element;
------------------
graphalg_test_tg__B_8__test_graph__edge_vectors__update_element.217:
    #####: 3277:   procedure Update_Element
        -: 3278:     (Container : in out Vector;
        -: 3279:      Index     : Index_Type;
        -: 3280:      Process   : not null access procedure (Element : in out Element_Type))
        -: 3281:   is
    #####: 3282:      Lock : With_Lock (Container.TC'Unchecked_Access);
        -: 3283:   begin
    #####: 3284:      if Checks and then Index > Container.Last then
    #####: 3285:         raise Constraint_Error with "Index is out of range";
        -: 3286:      end if;
        -: 3287:
    #####: 3288:      Process (Container.Elements.EA (Index));
    #####: 3289:   end Update_Element;
------------------
graphalg_test_tg__B_4__test_graph__vertex_vectors__update_element.451:
    #####: 3277:   procedure Update_Element
        -: 3278:     (Container : in out Vector;
        -: 3279:      Index     : Index_Type;
        -: 3280:      Process   : not null access procedure (Element : in out Element_Type))
        -: 3281:   is
    #####: 3282:      Lock : With_Lock (Container.TC'Unchecked_Access);
        -: 3283:   begin
    #####: 3284:      if Checks and then Index > Container.Last then
    #####: 3285:         raise Constraint_Error with "Index is out of range";
        -: 3286:      end if;
        -: 3287:
    #####: 3288:      Process (Container.Elements.EA (Index));
    #####: 3289:   end Update_Element;
------------------
graphalg_test_tg__B_4__test_graph__edge_vectors__update_element.576:
    #####: 3277:   procedure Update_Element
        -: 3278:     (Container : in out Vector;
        -: 3279:      Index     : Index_Type;
        -: 3280:      Process   : not null access procedure (Element : in out Element_Type))
        -: 3281:   is
    #####: 3282:      Lock : With_Lock (Container.TC'Unchecked_Access);
        -: 3283:   begin
    #####: 3284:      if Checks and then Index > Container.Last then
    #####: 3285:         raise Constraint_Error with "Index is out of range";
        -: 3286:      end if;
        -: 3287:
    #####: 3288:      Process (Container.Elements.EA (Index));
    #####: 3289:   end Update_Element;
------------------
        -: 3290:
    #####: 3291:   procedure Update_Element
        -: 3292:     (Container : in out Vector;
        -: 3293:      Position  : Cursor;
        -: 3294:      Process   : not null access procedure (Element : in out Element_Type))
        -: 3295:   is
        -: 3296:   begin
        -: 3297:      if Checks then
    #####: 3298:         if Position.Container = null then
    #####: 3299:            raise Constraint_Error with "Position cursor has no element";
    #####: 3300:         elsif Position.Container /= Container'Unrestricted_Access then
    #####: 3301:            raise Program_Error with "Position cursor denotes wrong container";
        -: 3302:         end if;
        -: 3303:      end if;
        -: 3304:
    #####: 3305:      Update_Element (Container, Position.Index, Process);
    #####: 3306:   end Update_Element;
------------------
graphalg_test_tg__B_8__test_graph__vertex_vectors__update_element__2.91:
    #####: 3291:   procedure Update_Element
        -: 3292:     (Container : in out Vector;
        -: 3293:      Position  : Cursor;
        -: 3294:      Process   : not null access procedure (Element : in out Element_Type))
        -: 3295:   is
        -: 3296:   begin
        -: 3297:      if Checks then
    #####: 3298:         if Position.Container = null then
    #####: 3299:            raise Constraint_Error with "Position cursor has no element";
    #####: 3300:         elsif Position.Container /= Container'Unrestricted_Access then
    #####: 3301:            raise Program_Error with "Position cursor denotes wrong container";
        -: 3302:         end if;
        -: 3303:      end if;
        -: 3304:
    #####: 3305:      Update_Element (Container, Position.Index, Process);
    #####: 3306:   end Update_Element;
------------------
graphalg_test_tg__B_8__test_graph__edge_vectors__update_element__2.216:
    #####: 3291:   procedure Update_Element
        -: 3292:     (Container : in out Vector;
        -: 3293:      Position  : Cursor;
        -: 3294:      Process   : not null access procedure (Element : in out Element_Type))
        -: 3295:   is
        -: 3296:   begin
        -: 3297:      if Checks then
    #####: 3298:         if Position.Container = null then
    #####: 3299:            raise Constraint_Error with "Position cursor has no element";
    #####: 3300:         elsif Position.Container /= Container'Unrestricted_Access then
    #####: 3301:            raise Program_Error with "Position cursor denotes wrong container";
        -: 3302:         end if;
        -: 3303:      end if;
        -: 3304:
    #####: 3305:      Update_Element (Container, Position.Index, Process);
    #####: 3306:   end Update_Element;
------------------
graphalg_test_tg__B_4__test_graph__vertex_vectors__update_element__2.450:
    #####: 3291:   procedure Update_Element
        -: 3292:     (Container : in out Vector;
        -: 3293:      Position  : Cursor;
        -: 3294:      Process   : not null access procedure (Element : in out Element_Type))
        -: 3295:   is
        -: 3296:   begin
        -: 3297:      if Checks then
    #####: 3298:         if Position.Container = null then
    #####: 3299:            raise Constraint_Error with "Position cursor has no element";
    #####: 3300:         elsif Position.Container /= Container'Unrestricted_Access then
    #####: 3301:            raise Program_Error with "Position cursor denotes wrong container";
        -: 3302:         end if;
        -: 3303:      end if;
        -: 3304:
    #####: 3305:      Update_Element (Container, Position.Index, Process);
    #####: 3306:   end Update_Element;
------------------
graphalg_test_tg__B_4__test_graph__edge_vectors__update_element__2.575:
    #####: 3291:   procedure Update_Element
        -: 3292:     (Container : in out Vector;
        -: 3293:      Position  : Cursor;
        -: 3294:      Process   : not null access procedure (Element : in out Element_Type))
        -: 3295:   is
        -: 3296:   begin
        -: 3297:      if Checks then
    #####: 3298:         if Position.Container = null then
    #####: 3299:            raise Constraint_Error with "Position cursor has no element";
    #####: 3300:         elsif Position.Container /= Container'Unrestricted_Access then
    #####: 3301:            raise Program_Error with "Position cursor denotes wrong container";
        -: 3302:         end if;
        -: 3303:      end if;
        -: 3304:
    #####: 3305:      Update_Element (Container, Position.Index, Process);
    #####: 3306:   end Update_Element;
------------------
        -: 3307:
        -: 3308:   -----------
        -: 3309:   -- Write --
        -: 3310:   -----------
        -: 3311:
    #####: 3312:   procedure Write
        -: 3313:     (Stream    : not null access Root_Stream_Type'Class;
        -: 3314:      Container : Vector)
        -: 3315:   is
        -: 3316:   begin
    #####: 3317:      Count_Type'Base'Write (Stream, Length (Container));
        -: 3318:
    #####: 3319:      for J in Index_Type'First .. Container.Last loop
    #####: 3320:         Element_Type'Write (Stream, Container.Elements.EA (J));
    #####: 3321:      end loop;
    #####: 3322:   end Write;
------------------
graphalg_test_tg__B_8__test_graph__vertex_vectors__write.90:
    #####: 3312:   procedure Write
        -: 3313:     (Stream    : not null access Root_Stream_Type'Class;
        -: 3314:      Container : Vector)
        -: 3315:   is
        -: 3316:   begin
    #####: 3317:      Count_Type'Base'Write (Stream, Length (Container));
        -: 3318:
    #####: 3319:      for J in Index_Type'First .. Container.Last loop
    #####: 3320:         Element_Type'Write (Stream, Container.Elements.EA (J));
    #####: 3321:      end loop;
    #####: 3322:   end Write;
------------------
graphalg_test_tg__B_8__test_graph__edge_vectors__write.214:
    #####: 3312:   procedure Write
        -: 3313:     (Stream    : not null access Root_Stream_Type'Class;
        -: 3314:      Container : Vector)
        -: 3315:   is
        -: 3316:   begin
    #####: 3317:      Count_Type'Base'Write (Stream, Length (Container));
        -: 3318:
    #####: 3319:      for J in Index_Type'First .. Container.Last loop
    #####: 3320:         Element_Type'Write (Stream, Container.Elements.EA (J));
    #####: 3321:      end loop;
    #####: 3322:   end Write;
------------------
graphalg_test_tg__B_4__test_graph__vertex_vectors__write.449:
    #####: 3312:   procedure Write
        -: 3313:     (Stream    : not null access Root_Stream_Type'Class;
        -: 3314:      Container : Vector)
        -: 3315:   is
        -: 3316:   begin
    #####: 3317:      Count_Type'Base'Write (Stream, Length (Container));
        -: 3318:
    #####: 3319:      for J in Index_Type'First .. Container.Last loop
    #####: 3320:         Element_Type'Write (Stream, Container.Elements.EA (J));
    #####: 3321:      end loop;
    #####: 3322:   end Write;
------------------
graphalg_test_tg__B_4__test_graph__edge_vectors__write.573:
    #####: 3312:   procedure Write
        -: 3313:     (Stream    : not null access Root_Stream_Type'Class;
        -: 3314:      Container : Vector)
        -: 3315:   is
        -: 3316:   begin
    #####: 3317:      Count_Type'Base'Write (Stream, Length (Container));
        -: 3318:
    #####: 3319:      for J in Index_Type'First .. Container.Last loop
    #####: 3320:         Element_Type'Write (Stream, Container.Elements.EA (J));
    #####: 3321:      end loop;
    #####: 3322:   end Write;
------------------
        -: 3323:
        -: 3324:   procedure Write
        -: 3325:     (Stream   : not null access Root_Stream_Type'Class;
        -: 3326:      Position : Cursor)
        -: 3327:   is
        -: 3328:   begin
        -: 3329:      raise Program_Error with "attempt to stream vector cursor";
        -: 3330:   end Write;
        -: 3331:
        -: 3332:   procedure Write
        -: 3333:     (Stream : not null access Root_Stream_Type'Class;
        -: 3334:      Item   : Reference_Type)
        -: 3335:   is
        -: 3336:   begin
        -: 3337:      raise Program_Error with "attempt to stream reference";
        -: 3338:   end Write;
        -: 3339:
        -: 3340:   procedure Write
        -: 3341:     (Stream : not null access Root_Stream_Type'Class;
        -: 3342:      Item   : Constant_Reference_Type)
        -: 3343:   is
        -: 3344:   begin
        -: 3345:      raise Program_Error with "attempt to stream reference";
        -: 3346:   end Write;
        -: 3347:
        -: 3348:end Ada.Containers.Vectors;
